# JRE version: OpenJDK Runtime Environment (17.0.12+7) (build 17.0.12+7-Ubuntu-1ubuntu222.04)
# Java VM: OpenJDK 64-Bit Server VM (17.0.12+7-Ubuntu-1ubuntu222.04, mixed mode, sharing, tiered, compressed oops, compressed class ptrs, g1 gc, linux-amd64)
GC Precious Log:
 CPUs: 4 total, 4 available
 Memory: 7642M
 Large Page Support: Disabled
 NUMA Support: Disabled
 Compressed Oops: Enabled (32-bit)
 Heap Region Size: 1M
 Heap Min Capacity: 8M
 Heap Initial Capacity: 120M
 Heap Max Capacity: 1912M
 Pre-touch: Disabled
 Parallel Workers: 4
 Concurrent Workers: 1
 Concurrent Refinement Workers: 4
 Periodic GC: Disabled
Heap:
 garbage-first heap   total 124928K, used 86448K [0x0000000088800000, 0x0000000100000000)
  region size 1024K, 64 young (65536K), 8 survivors (8192K)
 Metaspace       used 15350K, committed 15616K, reserved 1114112K
  class space    used 1664K, committed 1792K, reserved 1048576K
GC Heap History (11 events):
Event: 1,999 GC heap before
{Heap before GC invocations=0 (full 0):
 garbage-first heap   total 124928K, used 14256K [0x0000000088800000, 0x0000000100000000)
  region size 1024K, 13 young (13312K), 0 survivors (0K)
 Metaspace       used 4126K, committed 4352K, reserved 1114112K
  class space    used 464K, committed 576K, reserved 1048576K
}
Event: 2,003 GC heap after
{Heap after GC invocations=1 (full 0):
 garbage-first heap   total 124928K, used 3450K [0x0000000088800000, 0x0000000100000000)
  region size 1024K, 2 young (2048K), 2 survivors (2048K)
 Metaspace       used 4126K, committed 4352K, reserved 1114112K
  class space    used 464K, committed 576K, reserved 1048576K
}
Event: 2,602 GC heap before
{Heap before GC invocations=1 (full 0):
 garbage-first heap   total 124928K, used 18810K [0x0000000088800000, 0x0000000100000000)
  region size 1024K, 18 young (18432K), 2 survivors (2048K)
 Metaspace       used 5936K, committed 6080K, reserved 1114112K
  class space    used 702K, committed 768K, reserved 1048576K
}
Event: 2,609 GC heap after
{Heap after GC invocations=2 (full 0):
 garbage-first heap   total 124928K, used 4298K [0x0000000088800000, 0x0000000100000000)
  region size 1024K, 1 young (1024K), 1 survivors (1024K)
 Metaspace       used 5936K, committed 6080K, reserved 1114112K
  class space    used 702K, committed 768K, reserved 1048576K
}
Event: 4,787 GC heap before
{Heap before GC invocations=2 (full 0):
 garbage-first heap   total 124928K, used 77002K [0x0000000088800000, 0x0000000100000000)
  region size 1024K, 72 young (73728K), 1 survivors (1024K)
 Metaspace       used 12504K, committed 12672K, reserved 1114112K
  class space    used 1449K, committed 1536K, reserved 1048576K
}
Event: 4,808 GC heap after
{Heap after GC invocations=3 (full 0):
 garbage-first heap   total 124928K, used 11280K [0x0000000088800000, 0x0000000100000000)
  region size 1024K, 8 young (8192K), 8 survivors (8192K)
 Metaspace       used 12504K, committed 12672K, reserved 1114112K
  class space    used 1449K, committed 1536K, reserved 1048576K
}
Event: 5,631 GC heap before
{Heap before GC invocations=3 (full 0):
 garbage-first heap   total 124928K, used 76816K [0x0000000088800000, 0x0000000100000000)
  region size 1024K, 72 young (73728K), 8 survivors (8192K)
 Metaspace       used 12919K, committed 13056K, reserved 1114112K
  class space    used 1451K, committed 1536K, reserved 1048576K
}
Event: 5,657 GC heap after
{Heap after GC invocations=4 (full 0):
 garbage-first heap   total 124928K, used 21116K [0x0000000088800000, 0x0000000100000000)
  region size 1024K, 9 young (9216K), 9 survivors (9216K)
 Metaspace       used 12919K, committed 13056K, reserved 1114112K
  class space    used 1451K, committed 1536K, reserved 1048576K
}
Event: 8,004 GC heap before
{Heap before GC invocations=4 (full 0):
 garbage-first heap   total 124928K, used 80508K [0x0000000088800000, 0x0000000100000000)
  region size 1024K, 67 young (68608K), 9 survivors (9216K)
 Metaspace       used 15247K, committed 15488K, reserved 1114112K
  class space    used 1663K, committed 1792K, reserved 1048576K
}
Event: 8,024 GC heap after
{Heap after GC invocations=5 (full 0):
 garbage-first heap   total 124928K, used 29104K [0x0000000088800000, 0x0000000100000000)
  region size 1024K, 8 young (8192K), 8 survivors (8192K)
 Metaspace       used 15247K, committed 15488K, reserved 1114112K
  class space    used 1663K, committed 1792K, reserved 1048576K
}
Event: 8,657 GC heap before
{Heap before GC invocations=5 (full 0):
 garbage-first heap   total 124928K, used 86448K [0x0000000088800000, 0x0000000100000000)
  region size 1024K, 64 young (65536K), 8 survivors (8192K)
 Metaspace       used 15350K, committed 15616K, reserved 1114112K
  class space    used 1664K, committed 1792K, reserved 1048576K
}

